c:\users\yuzhique\desktop\gobang\gobang\x64\debug\vc143.pdb
c:\users\yuzhique\desktop\gobang\gobang\x64\debug\vc143.idb
c:\users\yuzhique\desktop\gobang\gobang\x64\debug\data2in.obj
c:\users\yuzhique\desktop\gobang\gobang\x64\debug\twomenu.obj
c:\users\yuzhique\desktop\gobang\gobang\x64\debug\controlmenu.obj
c:\users\yuzhique\desktop\gobang\gobang\x64\debug\settingmenu.obj
c:\users\yuzhique\desktop\gobang\gobang\x64\debug\overmenu.obj
c:\users\yuzhique\desktop\gobang\gobang\x64\debug\musicmenu.obj
c:\users\yuzhique\desktop\gobang\gobang\x64\debug\mainmenu.obj
c:\users\yuzhique\desktop\gobang\gobang\x64\debug\main.obj
c:\users\yuzhique\desktop\gobang\gobang\x64\debug\iswin.obj
c:\users\yuzhique\desktop\gobang\gobang\x64\debug\isinrect.obj
c:\users\yuzhique\desktop\gobang\gobang\x64\debug\init.obj
c:\users\yuzhique\desktop\gobang\gobang\x64\debug\data2out.obj
c:\users\yuzhique\desktop\gobang\gobang\x64\debug\controlsetting.obj
c:\users\yuzhique\desktop\gobang\gobang\x64\debug\controlmusic.obj
c:\users\yuzhique\desktop\gobang\gobang\x64\debug\chess.obj
c:\users\yuzhique\desktop\gobang\x64\debug\gobang.exe
c:\users\yuzhique\desktop\gobang\x64\debug\gobang.pdb
c:\users\yuzhique\desktop\gobang\gobang\x64\debug\gobang.ilk
c:\users\yuzhique\desktop\gobang\gobang\x64\debug\gobang.tlog\cl.command.1.tlog
c:\users\yuzhique\desktop\gobang\gobang\x64\debug\gobang.tlog\cl.items.tlog
c:\users\yuzhique\desktop\gobang\gobang\x64\debug\gobang.tlog\cl.read.1.tlog
c:\users\yuzhique\desktop\gobang\gobang\x64\debug\gobang.tlog\cl.write.1.tlog
c:\users\yuzhique\desktop\gobang\gobang\x64\debug\gobang.tlog\link.command.1.tlog
c:\users\yuzhique\desktop\gobang\gobang\x64\debug\gobang.tlog\link.read.1.tlog
c:\users\yuzhique\desktop\gobang\gobang\x64\debug\gobang.tlog\link.secondary.1.tlog
c:\users\yuzhique\desktop\gobang\gobang\x64\debug\gobang.tlog\link.write.1.tlog
